Analysis & Synthesis report for ATP_Machine_Electricity_Bill_Payment
Sat Jul 15 18:49:24 2023
Quartus Prime Version 20.1.1 Build 720 11/11/2020 SJ Lite Edition


---------------------
; Table of Contents ;
---------------------
  1. Legal Notice
  2. Analysis & Synthesis Summary
  3. Analysis & Synthesis Settings
  4. Parallel Compilation
  5. Analysis & Synthesis Source Files Read
  6. Analysis & Synthesis Resource Usage Summary
  7. Analysis & Synthesis Resource Utilization by Entity
  8. Analysis & Synthesis DSP Block Usage Summary
  9. State Machine - |ATP_Machine_Electricity_Bill_Payment|state
 10. Registers Removed During Synthesis
 11. General Register Statistics
 12. Multiplexer Restructuring Statistics (Restructuring Performed)
 13. Post-Synthesis Netlist Statistics for Top Partition
 14. Elapsed Time Per Partition
 15. Analysis & Synthesis Messages
 16. Analysis & Synthesis Suppressed Messages



----------------
; Legal Notice ;
----------------
Copyright (C) 2020  Intel Corporation. All rights reserved.
Your use of Intel Corporation's design tools, logic functions 
and other software and tools, and any partner logic 
functions, and any output files from any of the foregoing 
(including device programming or simulation files), and any 
associated documentation or information are expressly subject 
to the terms and conditions of the Intel Program License 
Subscription Agreement, the Intel Quartus Prime License Agreement,
the Intel FPGA IP License Agreement, or other applicable license
agreement, including, without limitation, that your use is for
the sole purpose of programming logic devices manufactured by
Intel and sold by Intel or its authorized distributors.  Please
refer to the applicable agreement for further details, at
https://fpgasoftware.intel.com/eula.



+-------------------------------------------------------------------------------+
; Analysis & Synthesis Summary                                                  ;
+---------------------------------+---------------------------------------------+
; Analysis & Synthesis Status     ; Successful - Sat Jul 15 18:49:24 2023       ;
; Quartus Prime Version           ; 20.1.1 Build 720 11/11/2020 SJ Lite Edition ;
; Revision Name                   ; ATP_Machine_Electricity_Bill_Payment        ;
; Top-level Entity Name           ; ATP_Machine_Electricity_Bill_Payment        ;
; Family                          ; Cyclone V                                   ;
; Logic utilization (in ALMs)     ; N/A                                         ;
; Total registers                 ; 43                                          ;
; Total pins                      ; 30                                          ;
; Total virtual pins              ; 0                                           ;
; Total block memory bits         ; 0                                           ;
; Total DSP Blocks                ; 4                                           ;
; Total HSSI RX PCSs              ; 0                                           ;
; Total HSSI PMA RX Deserializers ; 0                                           ;
; Total HSSI TX PCSs              ; 0                                           ;
; Total HSSI PMA TX Serializers   ; 0                                           ;
; Total PLLs                      ; 0                                           ;
; Total DLLs                      ; 0                                           ;
+---------------------------------+---------------------------------------------+


+---------------------------------------------------------------------------------------------------------------------------------------------------------------+
; Analysis & Synthesis Settings                                                                                                                                 ;
+---------------------------------------------------------------------------------+--------------------------------------+--------------------------------------+
; Option                                                                          ; Setting                              ; Default Value                        ;
+---------------------------------------------------------------------------------+--------------------------------------+--------------------------------------+
; Device                                                                          ; 5CSEMA5F31C6                         ;                                      ;
; Top-level entity name                                                           ; ATP_Machine_Electricity_Bill_Payment ; ATP_Machine_Electricity_Bill_Payment ;
; Family name                                                                     ; Cyclone V                            ; Cyclone V                            ;
; Use smart compilation                                                           ; Off                                  ; Off                                  ;
; Enable parallel Assembler and Timing Analyzer during compilation                ; On                                   ; On                                   ;
; Enable compact report table                                                     ; Off                                  ; Off                                  ;
; Restructure Multiplexers                                                        ; Auto                                 ; Auto                                 ;
; MLAB Add Timing Constraints For Mixed-Port Feed-Through Mode Setting Don't Care ; Off                                  ; Off                                  ;
; Create Debugging Nodes for IP Cores                                             ; Off                                  ; Off                                  ;
; Preserve fewer node names                                                       ; On                                   ; On                                   ;
; Intel FPGA IP Evaluation Mode                                                   ; Enable                               ; Enable                               ;
; Verilog Version                                                                 ; Verilog_2001                         ; Verilog_2001                         ;
; VHDL Version                                                                    ; VHDL_1993                            ; VHDL_1993                            ;
; State Machine Processing                                                        ; Auto                                 ; Auto                                 ;
; Safe State Machine                                                              ; Off                                  ; Off                                  ;
; Extract Verilog State Machines                                                  ; On                                   ; On                                   ;
; Extract VHDL State Machines                                                     ; On                                   ; On                                   ;
; Ignore Verilog initial constructs                                               ; Off                                  ; Off                                  ;
; Iteration limit for constant Verilog loops                                      ; 5000                                 ; 5000                                 ;
; Iteration limit for non-constant Verilog loops                                  ; 250                                  ; 250                                  ;
; Add Pass-Through Logic to Inferred RAMs                                         ; On                                   ; On                                   ;
; Infer RAMs from Raw Logic                                                       ; On                                   ; On                                   ;
; Parallel Synthesis                                                              ; On                                   ; On                                   ;
; DSP Block Balancing                                                             ; Auto                                 ; Auto                                 ;
; NOT Gate Push-Back                                                              ; On                                   ; On                                   ;
; Power-Up Don't Care                                                             ; On                                   ; On                                   ;
; Remove Redundant Logic Cells                                                    ; Off                                  ; Off                                  ;
; Remove Duplicate Registers                                                      ; On                                   ; On                                   ;
; Ignore CARRY Buffers                                                            ; Off                                  ; Off                                  ;
; Ignore CASCADE Buffers                                                          ; Off                                  ; Off                                  ;
; Ignore GLOBAL Buffers                                                           ; Off                                  ; Off                                  ;
; Ignore ROW GLOBAL Buffers                                                       ; Off                                  ; Off                                  ;
; Ignore LCELL Buffers                                                            ; Off                                  ; Off                                  ;
; Ignore SOFT Buffers                                                             ; On                                   ; On                                   ;
; Limit AHDL Integers to 32 Bits                                                  ; Off                                  ; Off                                  ;
; Optimization Technique                                                          ; Balanced                             ; Balanced                             ;
; Carry Chain Length                                                              ; 70                                   ; 70                                   ;
; Auto Carry Chains                                                               ; On                                   ; On                                   ;
; Auto Open-Drain Pins                                                            ; On                                   ; On                                   ;
; Perform WYSIWYG Primitive Resynthesis                                           ; Off                                  ; Off                                  ;
; Auto ROM Replacement                                                            ; On                                   ; On                                   ;
; Auto RAM Replacement                                                            ; On                                   ; On                                   ;
; Auto DSP Block Replacement                                                      ; On                                   ; On                                   ;
; Auto Shift Register Replacement                                                 ; Auto                                 ; Auto                                 ;
; Allow Shift Register Merging across Hierarchies                                 ; Auto                                 ; Auto                                 ;
; Auto Clock Enable Replacement                                                   ; On                                   ; On                                   ;
; Strict RAM Replacement                                                          ; Off                                  ; Off                                  ;
; Allow Synchronous Control Signals                                               ; On                                   ; On                                   ;
; Force Use of Synchronous Clear Signals                                          ; Off                                  ; Off                                  ;
; Auto Resource Sharing                                                           ; Off                                  ; Off                                  ;
; Allow Any RAM Size For Recognition                                              ; Off                                  ; Off                                  ;
; Allow Any ROM Size For Recognition                                              ; Off                                  ; Off                                  ;
; Allow Any Shift Register Size For Recognition                                   ; Off                                  ; Off                                  ;
; Use LogicLock Constraints during Resource Balancing                             ; On                                   ; On                                   ;
; Ignore translate_off and synthesis_off directives                               ; Off                                  ; Off                                  ;
; Timing-Driven Synthesis                                                         ; On                                   ; On                                   ;
; Report Parameter Settings                                                       ; On                                   ; On                                   ;
; Report Source Assignments                                                       ; On                                   ; On                                   ;
; Report Connectivity Checks                                                      ; On                                   ; On                                   ;
; Ignore Maximum Fan-Out Assignments                                              ; Off                                  ; Off                                  ;
; Synchronization Register Chain Length                                           ; 3                                    ; 3                                    ;
; Power Optimization During Synthesis                                             ; Normal compilation                   ; Normal compilation                   ;
; HDL message level                                                               ; Level2                               ; Level2                               ;
; Suppress Register Optimization Related Messages                                 ; Off                                  ; Off                                  ;
; Number of Removed Registers Reported in Synthesis Report                        ; 5000                                 ; 5000                                 ;
; Number of Swept Nodes Reported in Synthesis Report                              ; 5000                                 ; 5000                                 ;
; Number of Inverted Registers Reported in Synthesis Report                       ; 100                                  ; 100                                  ;
; Clock MUX Protection                                                            ; On                                   ; On                                   ;
; Auto Gated Clock Conversion                                                     ; Off                                  ; Off                                  ;
; Block Design Naming                                                             ; Auto                                 ; Auto                                 ;
; SDC constraint protection                                                       ; Off                                  ; Off                                  ;
; Synthesis Effort                                                                ; Auto                                 ; Auto                                 ;
; Shift Register Replacement - Allow Asynchronous Clear Signal                    ; On                                   ; On                                   ;
; Pre-Mapping Resynthesis Optimization                                            ; Off                                  ; Off                                  ;
; Analysis & Synthesis Message Level                                              ; Medium                               ; Medium                               ;
; Disable Register Merging Across Hierarchies                                     ; Auto                                 ; Auto                                 ;
; Resource Aware Inference For Block RAM                                          ; On                                   ; On                                   ;
; Automatic Parallel Synthesis                                                    ; On                                   ; On                                   ;
; Partial Reconfiguration Bitstream ID                                            ; Off                                  ; Off                                  ;
+---------------------------------------------------------------------------------+--------------------------------------+--------------------------------------+


+------------------------------------------+
; Parallel Compilation                     ;
+----------------------------+-------------+
; Processors                 ; Number      ;
+----------------------------+-------------+
; Number detected on machine ; 12          ;
; Maximum allowed            ; 6           ;
;                            ;             ;
; Average used               ; 1.00        ;
; Maximum used               ; 6           ;
;                            ;             ;
; Usage by Processor         ; % Time Used ;
;     Processor 1            ; 100.0%      ;
;     Processors 2-6         ;   0.0%      ;
+----------------------------+-------------+


+----------------------------------------------------------------------------------------------------------------------------------------------------------------------------------+
; Analysis & Synthesis Source Files Read                                                                                                                                           ;
+----------------------------------------+-----------------+------------------------+------------------------------------------------------------------------------------+---------+
; File Name with User-Entered Path       ; Used in Netlist ; File Type              ; File Name with Absolute Path                                                       ; Library ;
+----------------------------------------+-----------------+------------------------+------------------------------------------------------------------------------------+---------+
; ATP_Machine_Electricity_Bill_Payment.v ; yes             ; User Verilog HDL File  ; C:/Users/ebina/Documents/Unnatti Internship/ATP_Machine_Electricity_Bill_Payment.v ;         ;
+----------------------------------------+-----------------+------------------------+------------------------------------------------------------------------------------+---------+


+---------------------------------------------------------+
; Analysis & Synthesis Resource Usage Summary             ;
+---------------------------------------------+-----------+
; Resource                                    ; Usage     ;
+---------------------------------------------+-----------+
; Estimate of Logic utilization (ALMs needed) ; 37        ;
;                                             ;           ;
; Combinational ALUT usage for logic          ; 58        ;
;     -- 7 input functions                    ; 0         ;
;     -- 6 input functions                    ; 7         ;
;     -- 5 input functions                    ; 22        ;
;     -- 4 input functions                    ; 3         ;
;     -- <=3 input functions                  ; 26        ;
;                                             ;           ;
; Dedicated logic registers                   ; 43        ;
;                                             ;           ;
; I/O pins                                    ; 30        ;
;                                             ;           ;
; Total DSP Blocks                            ; 4         ;
;                                             ;           ;
; Maximum fan-out node                        ; clk~input ;
; Maximum fan-out                             ; 43        ;
; Total fan-out                               ; 465       ;
; Average fan-out                             ; 2.82      ;
+---------------------------------------------+-----------+


+----------------------------------------------------------------------------------------------------------------------------------------------------------------------------------------------------------------------------------------------+
; Analysis & Synthesis Resource Utilization by Entity                                                                                                                                                                                          ;
+---------------------------------------+---------------------+---------------------------+-------------------+------------+------+--------------+---------------------------------------+--------------------------------------+--------------+
; Compilation Hierarchy Node            ; Combinational ALUTs ; Dedicated Logic Registers ; Block Memory Bits ; DSP Blocks ; Pins ; Virtual Pins ; Full Hierarchy Name                   ; Entity Name                          ; Library Name ;
+---------------------------------------+---------------------+---------------------------+-------------------+------------+------+--------------+---------------------------------------+--------------------------------------+--------------+
; |ATP_Machine_Electricity_Bill_Payment ; 58 (58)             ; 43 (43)                   ; 0                 ; 4          ; 30   ; 0            ; |ATP_Machine_Electricity_Bill_Payment ; ATP_Machine_Electricity_Bill_Payment ; work         ;
+---------------------------------------+---------------------+---------------------------+-------------------+------------+------+--------------+---------------------------------------+--------------------------------------+--------------+
Note: For table entries with two numbers listed, the numbers in parentheses indicate the number of resources of the given type used by the specific entity alone. The numbers listed outside of parentheses indicate the total resources of the given type used by the specific entity and all of its sub-entities in the hierarchy.


+-----------------------------------------------+
; Analysis & Synthesis DSP Block Usage Summary  ;
+---------------------------------+-------------+
; Statistic                       ; Number Used ;
+---------------------------------+-------------+
; Independent 18x18 plus 36       ; 4           ;
; Total number of DSP blocks      ; 4           ;
;                                 ;             ;
; Fixed Point Unsigned Multiplier ; 4           ;
+---------------------------------+-------------+


Encoding Type:  One-Hot
+--------------------------------------------------------------------------------------------------------------------------------------------------------------------------------------------------+
; State Machine - |ATP_Machine_Electricity_Bill_Payment|state                                                                                                                                      ;
+------------+------------+------------+------------+------------+------------+------------+------------+------------+------------+------------+------------+------------+------------+------------+
; Name       ; state.1110 ; state.1101 ; state.1100 ; state.1011 ; state.1010 ; state.1001 ; state.1000 ; state.0111 ; state.0110 ; state.0101 ; state.0100 ; state.0011 ; state.0010 ; state.0000 ;
+------------+------------+------------+------------+------------+------------+------------+------------+------------+------------+------------+------------+------------+------------+------------+
; state.0000 ; 0          ; 0          ; 0          ; 0          ; 0          ; 0          ; 0          ; 0          ; 0          ; 0          ; 0          ; 0          ; 0          ; 0          ;
; state.0010 ; 0          ; 0          ; 0          ; 0          ; 0          ; 0          ; 0          ; 0          ; 0          ; 0          ; 0          ; 0          ; 1          ; 1          ;
; state.0011 ; 0          ; 0          ; 0          ; 0          ; 0          ; 0          ; 0          ; 0          ; 0          ; 0          ; 0          ; 1          ; 0          ; 1          ;
; state.0100 ; 0          ; 0          ; 0          ; 0          ; 0          ; 0          ; 0          ; 0          ; 0          ; 0          ; 1          ; 0          ; 0          ; 1          ;
; state.0101 ; 0          ; 0          ; 0          ; 0          ; 0          ; 0          ; 0          ; 0          ; 0          ; 1          ; 0          ; 0          ; 0          ; 1          ;
; state.0110 ; 0          ; 0          ; 0          ; 0          ; 0          ; 0          ; 0          ; 0          ; 1          ; 0          ; 0          ; 0          ; 0          ; 1          ;
; state.0111 ; 0          ; 0          ; 0          ; 0          ; 0          ; 0          ; 0          ; 1          ; 0          ; 0          ; 0          ; 0          ; 0          ; 1          ;
; state.1000 ; 0          ; 0          ; 0          ; 0          ; 0          ; 0          ; 1          ; 0          ; 0          ; 0          ; 0          ; 0          ; 0          ; 1          ;
; state.1001 ; 0          ; 0          ; 0          ; 0          ; 0          ; 1          ; 0          ; 0          ; 0          ; 0          ; 0          ; 0          ; 0          ; 1          ;
; state.1010 ; 0          ; 0          ; 0          ; 0          ; 1          ; 0          ; 0          ; 0          ; 0          ; 0          ; 0          ; 0          ; 0          ; 1          ;
; state.1011 ; 0          ; 0          ; 0          ; 1          ; 0          ; 0          ; 0          ; 0          ; 0          ; 0          ; 0          ; 0          ; 0          ; 1          ;
; state.1100 ; 0          ; 0          ; 1          ; 0          ; 0          ; 0          ; 0          ; 0          ; 0          ; 0          ; 0          ; 0          ; 0          ; 1          ;
; state.1101 ; 0          ; 1          ; 0          ; 0          ; 0          ; 0          ; 0          ; 0          ; 0          ; 0          ; 0          ; 0          ; 0          ; 1          ;
; state.1110 ; 1          ; 0          ; 0          ; 0          ; 0          ; 0          ; 0          ; 0          ; 0          ; 0          ; 0          ; 0          ; 0          ; 1          ;
+------------+------------+------------+------------+------------+------------+------------+------------+------------+------------+------------+------------+------------+------------+------------+


+---------------------------------------------------------------------------------+
; Registers Removed During Synthesis                                              ;
+----------------------------------------+----------------------------------------+
; Register name                          ; Reason for Removal                     ;
+----------------------------------------+----------------------------------------+
; bill_amount[0,1,3]                     ; Stuck at GND due to stuck port data_in ;
; payment_timeout~reg0                   ; Stuck at VCC due to stuck port data_in ;
; bill_amount[2]                         ; Merged with bill_amount[4]             ;
; bill_amount[4]                         ; Merged with bill_amount[5]             ;
; bill_amount[5]                         ; Merged with bill_amount[6]             ;
; bill_amount[6]                         ; Merged with bill_amount[7]             ;
; state.1001                             ; Lost fanout                            ;
; state.1010                             ; Lost fanout                            ;
; state~17                               ; Lost fanout                            ;
; state~18                               ; Lost fanout                            ;
; state~19                               ; Lost fanout                            ;
; state~20                               ; Lost fanout                            ;
; Total Number of Removed Registers = 14 ;                                        ;
+----------------------------------------+----------------------------------------+


+------------------------------------------------------+
; General Register Statistics                          ;
+----------------------------------------------+-------+
; Statistic                                    ; Value ;
+----------------------------------------------+-------+
; Total registers                              ; 43    ;
; Number of registers using Synchronous Clear  ; 0     ;
; Number of registers using Synchronous Load   ; 16    ;
; Number of registers using Asynchronous Clear ; 43    ;
; Number of registers using Asynchronous Load  ; 0     ;
; Number of registers using Clock Enable       ; 29    ;
; Number of registers using Preset             ; 0     ;
+----------------------------------------------+-------+


+-------------------------------------------------------------------------------------------------------------------------------------------------------------------------+
; Multiplexer Restructuring Statistics (Restructuring Performed)                                                                                                          ;
+--------------------+-----------+---------------+----------------------+------------------------+------------+-----------------------------------------------------------+
; Multiplexer Inputs ; Bus Width ; Baseline Area ; Area if Restructured ; Saving if Restructured ; Registered ; Example Multiplexer Output                                ;
+--------------------+-----------+---------------+----------------------+------------------------+------------+-----------------------------------------------------------+
; 4:1                ; 5 bits    ; 10 LEs        ; 5 LEs                ; 5 LEs                  ; Yes        ; |ATP_Machine_Electricity_Bill_Payment|remaining_amount[7] ;
; 6:1                ; 3 bits    ; 12 LEs        ; 12 LEs               ; 0 LEs                  ; No         ; |ATP_Machine_Electricity_Bill_Payment|Selector35          ;
; 6:1                ; 5 bits    ; 20 LEs        ; 20 LEs               ; 0 LEs                  ; No         ; |ATP_Machine_Electricity_Bill_Payment|Selector34          ;
+--------------------+-----------+---------------+----------------------+------------------------+------------+-----------------------------------------------------------+


+-----------------------------------------------------+
; Post-Synthesis Netlist Statistics for Top Partition ;
+-----------------------+-----------------------------+
; Type                  ; Count                       ;
+-----------------------+-----------------------------+
; arriav_ff             ; 43                          ;
;     CLR               ; 14                          ;
;     ENA CLR           ; 13                          ;
;     ENA CLR SLD       ; 16                          ;
; arriav_lcell_comb     ; 59                          ;
;     arith             ; 12                          ;
;         1 data inputs ; 11                          ;
;         2 data inputs ; 1                           ;
;     normal            ; 39                          ;
;         0 data inputs ; 2                           ;
;         1 data inputs ; 1                           ;
;         2 data inputs ; 4                           ;
;         4 data inputs ; 3                           ;
;         5 data inputs ; 22                          ;
;         6 data inputs ; 7                           ;
;     shared            ; 8                           ;
;         2 data inputs ; 8                           ;
; arriav_mac            ; 4                           ;
; boundary_port         ; 30                          ;
;                       ;                             ;
; Max LUT depth         ; 3.00                        ;
; Average LUT depth     ; 1.32                        ;
+-----------------------+-----------------------------+


+-------------------------------+
; Elapsed Time Per Partition    ;
+----------------+--------------+
; Partition Name ; Elapsed Time ;
+----------------+--------------+
; Top            ; 00:00:00     ;
+----------------+--------------+


+-------------------------------+
; Analysis & Synthesis Messages ;
+-------------------------------+
Info: *******************************************************************
Info: Running Quartus Prime Analysis & Synthesis
    Info: Version 20.1.1 Build 720 11/11/2020 SJ Lite Edition
    Info: Processing started: Sat Jul 15 18:49:17 2023
Info: Command: quartus_map --read_settings_files=on --write_settings_files=off ATP_Machine_Electricity_Bill_Payment -c ATP_Machine_Electricity_Bill_Payment
Warning (18236): Number of processors has not been specified which may cause overloading on shared machines.  Set the global assignment NUM_PARALLEL_PROCESSORS in your QSF to an appropriate value for best performance.
Info (20030): Parallel compilation is enabled and will use 6 of the 6 processors detected
Warning (10229): Verilog HDL Expression warning at ATP_Machine_Electricity_Bill_Payment.v(29): truncated literal to match 13 bits File: C:/Users/ebina/Documents/Unnatti Internship/ATP_Machine_Electricity_Bill_Payment.v Line: 29
Info (12021): Found 1 design units, including 1 entities, in source file atp_machine_electricity_bill_payment.v
    Info (12023): Found entity 1: ATP_Machine_Electricity_Bill_Payment File: C:/Users/ebina/Documents/Unnatti Internship/ATP_Machine_Electricity_Bill_Payment.v Line: 1
Info (12021): Found 1 design units, including 1 entities, in source file atp_machine_electricity_bill_payment_tb.v
    Info (12023): Found entity 1: ATP_Machine_Electricity_Bill_Payment_tb File: C:/Users/ebina/Documents/Unnatti Internship/ATP_Machine_Electricity_Bill_Payment_tb.v Line: 1
Warning (10037): Verilog HDL or VHDL warning at ATP_Machine_Electricity_Bill_Payment.v(51): conditional expression evaluates to a constant File: C:/Users/ebina/Documents/Unnatti Internship/ATP_Machine_Electricity_Bill_Payment.v Line: 51
Warning (10037): Verilog HDL or VHDL warning at ATP_Machine_Electricity_Bill_Payment.v(56): conditional expression evaluates to a constant File: C:/Users/ebina/Documents/Unnatti Internship/ATP_Machine_Electricity_Bill_Payment.v Line: 56
Warning (10037): Verilog HDL or VHDL warning at ATP_Machine_Electricity_Bill_Payment.v(63): conditional expression evaluates to a constant File: C:/Users/ebina/Documents/Unnatti Internship/ATP_Machine_Electricity_Bill_Payment.v Line: 63
Warning (10037): Verilog HDL or VHDL warning at ATP_Machine_Electricity_Bill_Payment.v(76): conditional expression evaluates to a constant File: C:/Users/ebina/Documents/Unnatti Internship/ATP_Machine_Electricity_Bill_Payment.v Line: 76
Warning (10037): Verilog HDL or VHDL warning at ATP_Machine_Electricity_Bill_Payment.v(81): conditional expression evaluates to a constant File: C:/Users/ebina/Documents/Unnatti Internship/ATP_Machine_Electricity_Bill_Payment.v Line: 81
Warning (10037): Verilog HDL or VHDL warning at ATP_Machine_Electricity_Bill_Payment.v(104): conditional expression evaluates to a constant File: C:/Users/ebina/Documents/Unnatti Internship/ATP_Machine_Electricity_Bill_Payment.v Line: 104
Warning (10037): Verilog HDL or VHDL warning at ATP_Machine_Electricity_Bill_Payment.v(109): conditional expression evaluates to a constant File: C:/Users/ebina/Documents/Unnatti Internship/ATP_Machine_Electricity_Bill_Payment.v Line: 109
Warning (10037): Verilog HDL or VHDL warning at ATP_Machine_Electricity_Bill_Payment.v(114): conditional expression evaluates to a constant File: C:/Users/ebina/Documents/Unnatti Internship/ATP_Machine_Electricity_Bill_Payment.v Line: 114
Warning (10037): Verilog HDL or VHDL warning at ATP_Machine_Electricity_Bill_Payment.v(119): conditional expression evaluates to a constant File: C:/Users/ebina/Documents/Unnatti Internship/ATP_Machine_Electricity_Bill_Payment.v Line: 119
Warning (10037): Verilog HDL or VHDL warning at ATP_Machine_Electricity_Bill_Payment.v(124): conditional expression evaluates to a constant File: C:/Users/ebina/Documents/Unnatti Internship/ATP_Machine_Electricity_Bill_Payment.v Line: 124
Warning (10037): Verilog HDL or VHDL warning at ATP_Machine_Electricity_Bill_Payment.v(129): conditional expression evaluates to a constant File: C:/Users/ebina/Documents/Unnatti Internship/ATP_Machine_Electricity_Bill_Payment.v Line: 129
Info (12127): Elaborating entity "ATP_Machine_Electricity_Bill_Payment" for the top level hierarchy
Warning (10036): Verilog HDL or VHDL warning at ATP_Machine_Electricity_Bill_Payment.v(18): object "authorized" assigned a value but never read File: C:/Users/ebina/Documents/Unnatti Internship/ATP_Machine_Electricity_Bill_Payment.v Line: 18
Warning (10230): Verilog HDL assignment warning at ATP_Machine_Electricity_Bill_Payment.v(70): truncated value with size 32 to match size of target (8) File: C:/Users/ebina/Documents/Unnatti Internship/ATP_Machine_Electricity_Bill_Payment.v Line: 70
Warning (10230): Verilog HDL assignment warning at ATP_Machine_Electricity_Bill_Payment.v(86): truncated value with size 32 to match size of target (13) File: C:/Users/ebina/Documents/Unnatti Internship/ATP_Machine_Electricity_Bill_Payment.v Line: 86
Warning (10240): Verilog HDL Always Construct warning at ATP_Machine_Electricity_Bill_Payment.v(32): inferring latch(es) for variable "excess_payment", which holds its previous value in one or more paths through the always construct File: C:/Users/ebina/Documents/Unnatti Internship/ATP_Machine_Electricity_Bill_Payment.v Line: 32
Warning (10240): Verilog HDL Always Construct warning at ATP_Machine_Electricity_Bill_Payment.v(32): inferring latch(es) for variable "history_amount", which holds its previous value in one or more paths through the always construct File: C:/Users/ebina/Documents/Unnatti Internship/ATP_Machine_Electricity_Bill_Payment.v Line: 32
Warning (10230): Verilog HDL assignment warning at ATP_Machine_Electricity_Bill_Payment.v(145): truncated value with size 9 to match size of target (8) File: C:/Users/ebina/Documents/Unnatti Internship/ATP_Machine_Electricity_Bill_Payment.v Line: 145
Info (10264): Verilog HDL Case Statement information at ATP_Machine_Electricity_Bill_Payment.v(140): all case item expressions in this case statement are onehot File: C:/Users/ebina/Documents/Unnatti Internship/ATP_Machine_Electricity_Bill_Payment.v Line: 140
Info (10264): Verilog HDL Case Statement information at ATP_Machine_Electricity_Bill_Payment.v(153): all case item expressions in this case statement are onehot File: C:/Users/ebina/Documents/Unnatti Internship/ATP_Machine_Electricity_Bill_Payment.v Line: 153
Info (10041): Inferred latch for "history_amount[0]" at ATP_Machine_Electricity_Bill_Payment.v(32) File: C:/Users/ebina/Documents/Unnatti Internship/ATP_Machine_Electricity_Bill_Payment.v Line: 32
Info (10041): Inferred latch for "history_amount[1]" at ATP_Machine_Electricity_Bill_Payment.v(32) File: C:/Users/ebina/Documents/Unnatti Internship/ATP_Machine_Electricity_Bill_Payment.v Line: 32
Info (10041): Inferred latch for "history_amount[2]" at ATP_Machine_Electricity_Bill_Payment.v(32) File: C:/Users/ebina/Documents/Unnatti Internship/ATP_Machine_Electricity_Bill_Payment.v Line: 32
Info (10041): Inferred latch for "history_amount[3]" at ATP_Machine_Electricity_Bill_Payment.v(32) File: C:/Users/ebina/Documents/Unnatti Internship/ATP_Machine_Electricity_Bill_Payment.v Line: 32
Info (10041): Inferred latch for "history_amount[4]" at ATP_Machine_Electricity_Bill_Payment.v(32) File: C:/Users/ebina/Documents/Unnatti Internship/ATP_Machine_Electricity_Bill_Payment.v Line: 32
Info (10041): Inferred latch for "history_amount[5]" at ATP_Machine_Electricity_Bill_Payment.v(32) File: C:/Users/ebina/Documents/Unnatti Internship/ATP_Machine_Electricity_Bill_Payment.v Line: 32
Info (10041): Inferred latch for "history_amount[6]" at ATP_Machine_Electricity_Bill_Payment.v(32) File: C:/Users/ebina/Documents/Unnatti Internship/ATP_Machine_Electricity_Bill_Payment.v Line: 32
Info (10041): Inferred latch for "history_amount[7]" at ATP_Machine_Electricity_Bill_Payment.v(32) File: C:/Users/ebina/Documents/Unnatti Internship/ATP_Machine_Electricity_Bill_Payment.v Line: 32
Info (10041): Inferred latch for "excess_payment" at ATP_Machine_Electricity_Bill_Payment.v(32) File: C:/Users/ebina/Documents/Unnatti Internship/ATP_Machine_Electricity_Bill_Payment.v Line: 32
Warning (13024): Output pins are stuck at VCC or GND
    Warning (13410): Pin "payment_timeout" is stuck at VCC File: C:/Users/ebina/Documents/Unnatti Internship/ATP_Machine_Electricity_Bill_Payment.v Line: 15
Info (286030): Timing-Driven Synthesis is running
Info (17049): 6 registers lost all their fanouts during netlist optimizations.
Info (144001): Generated suppressed messages file C:/Users/ebina/Documents/Unnatti Internship/output_files/ATP_Machine_Electricity_Bill_Payment.map.smsg
Info (16010): Generating hard_block partition "hard_block:auto_generated_inst"
    Info (16011): Adding 0 node(s), including 0 DDIO, 0 PLL, 0 transceiver and 0 LCELL
Warning (21074): Design contains 4 input pin(s) that do not drive logic
    Warning (15610): No output dependent on input pin "pin[0]" File: C:/Users/ebina/Documents/Unnatti Internship/ATP_Machine_Electricity_Bill_Payment.v Line: 6
    Warning (15610): No output dependent on input pin "pin[1]" File: C:/Users/ebina/Documents/Unnatti Internship/ATP_Machine_Electricity_Bill_Payment.v Line: 6
    Warning (15610): No output dependent on input pin "pin[2]" File: C:/Users/ebina/Documents/Unnatti Internship/ATP_Machine_Electricity_Bill_Payment.v Line: 6
    Warning (15610): No output dependent on input pin "pin[3]" File: C:/Users/ebina/Documents/Unnatti Internship/ATP_Machine_Electricity_Bill_Payment.v Line: 6
Info (21057): Implemented 106 device resources after synthesis - the final resource count might be different
    Info (21058): Implemented 19 input pins
    Info (21059): Implemented 11 output pins
    Info (21061): Implemented 72 logic cells
    Info (21062): Implemented 4 DSP elements
Info: Quartus Prime Analysis & Synthesis was successful. 0 errors, 26 warnings
    Info: Peak virtual memory: 4844 megabytes
    Info: Processing ended: Sat Jul 15 18:49:24 2023
    Info: Elapsed time: 00:00:07
    Info: Total CPU time (on all processors): 00:00:17


+------------------------------------------+
; Analysis & Synthesis Suppressed Messages ;
+------------------------------------------+
The suppressed messages can be found in C:/Users/ebina/Documents/Unnatti Internship/output_files/ATP_Machine_Electricity_Bill_Payment.map.smsg.


