Flow report for ATP_Machine_Electricity_Bill_Payment
Sat Jul 15 19:44:33 2023
Quartus Prime Version 20.1.1 Build 720 11/11/2020 SJ Lite Edition


---------------------
; Table of Contents ;
---------------------
  1. Legal Notice
  2. Flow Summary
  3. Flow Settings
  4. Flow Non-Default Global Settings
  5. Flow Elapsed Time
  6. Flow OS Summary
  7. Flow Log
  8. Flow Messages
  9. Flow Suppressed Messages



----------------
; Legal Notice ;
----------------
Copyright (C) 2020  Intel Corporation. All rights reserved.
Your use of Intel Corporation's design tools, logic functions 
and other software and tools, and any partner logic 
functions, and any output files from any of the foregoing 
(including device programming or simulation files), and any 
associated documentation or information are expressly subject 
to the terms and conditions of the Intel Program License 
Subscription Agreement, the Intel Quartus Prime License Agreement,
the Intel FPGA IP License Agreement, or other applicable license
agreement, including, without limitation, that your use is for
the sole purpose of programming logic devices manufactured by
Intel and sold by Intel or its authorized distributors.  Please
refer to the applicable agreement for further details, at
https://fpgasoftware.intel.com/eula.



+-------------------------------------------------------------------------------+
; Flow Summary                                                                  ;
+---------------------------------+---------------------------------------------+
; Flow Status                     ; Successful - Sat Jul 15 19:44:33 2023       ;
; Quartus Prime Version           ; 20.1.1 Build 720 11/11/2020 SJ Lite Edition ;
; Revision Name                   ; ATP_Machine_Electricity_Bill_Payment        ;
; Top-level Entity Name           ; ATP_Machine_Electricity_Bill_Payment        ;
; Family                          ; Cyclone V                                   ;
; Device                          ; 5CSEMA5F31C6                                ;
; Timing Models                   ; Final                                       ;
; Logic utilization (in ALMs)     ; 36 / 32,070 ( < 1 % )                       ;
; Total registers                 ; 49                                          ;
; Total pins                      ; 30 / 457 ( 7 % )                            ;
; Total virtual pins              ; 0                                           ;
; Total block memory bits         ; 0 / 4,065,280 ( 0 % )                       ;
; Total DSP Blocks                ; 4 / 87 ( 5 % )                              ;
; Total HSSI RX PCSs              ; 0                                           ;
; Total HSSI PMA RX Deserializers ; 0                                           ;
; Total HSSI TX PCSs              ; 0                                           ;
; Total HSSI PMA TX Serializers   ; 0                                           ;
; Total PLLs                      ; 0 / 6 ( 0 % )                               ;
; Total DLLs                      ; 0 / 4 ( 0 % )                               ;
+---------------------------------+---------------------------------------------+


+----------------------------------------------------------+
; Flow Settings                                            ;
+-------------------+--------------------------------------+
; Option            ; Setting                              ;
+-------------------+--------------------------------------+
; Start date & time ; 07/15/2023 18:49:17                  ;
; Main task         ; Compilation                          ;
; Revision Name     ; ATP_Machine_Electricity_Bill_Payment ;
+-------------------+--------------------------------------+


+----------------------------------------------------------------------------------------------------------------------------------------------------------+
; Flow Non-Default Global Settings                                                                                                                         ;
+--------------------------------------+-------------------------------------------+---------------+-------------+-----------------------------------------+
; Assignment Name                      ; Value                                     ; Default Value ; Entity Name ; Section Id                              ;
+--------------------------------------+-------------------------------------------+---------------+-------------+-----------------------------------------+
; COMPILER_SIGNATURE_ID                ; 238300916366443.168942715701160           ; --            ; --          ; --                                      ;
; EDA_DESIGN_INSTANCE_NAME             ; NA                                        ; --            ; --          ; ATP_Machine_Electricity_Bill_Payment_tb ;
; EDA_NATIVELINK_SIMULATION_TEST_BENCH ; ATP_Machine_Electricity_Bill_Payment_tb   ; --            ; --          ; eda_simulation                          ;
; EDA_OUTPUT_DATA_FORMAT               ; Verilog Hdl                               ; --            ; --          ; eda_simulation                          ;
; EDA_SIMULATION_TOOL                  ; ModelSim-Altera (Verilog)                 ; <None>        ; --          ; --                                      ;
; EDA_TEST_BENCH_ENABLE_STATUS         ; TEST_BENCH_MODE                           ; --            ; --          ; eda_simulation                          ;
; EDA_TEST_BENCH_FILE                  ; ATP_Machine_Electricity_Bill_Payment_tb.v ; --            ; --          ; ATP_Machine_Electricity_Bill_Payment_tb ;
; EDA_TEST_BENCH_MODULE_NAME           ; ATP_Machine_Electricity_Bill_Payment_tb   ; --            ; --          ; ATP_Machine_Electricity_Bill_Payment_tb ;
; EDA_TEST_BENCH_NAME                  ; ATP_Machine_Electricity_Bill_Payment_tb   ; --            ; --          ; eda_simulation                          ;
; EDA_TIME_SCALE                       ; 1 ps                                      ; --            ; --          ; eda_simulation                          ;
; MAX_CORE_JUNCTION_TEMP               ; 85                                        ; --            ; --          ; --                                      ;
; MIN_CORE_JUNCTION_TEMP               ; 0                                         ; --            ; --          ; --                                      ;
; PARTITION_COLOR                      ; -- (Not supported for targeted family)    ; --            ; --          ; Top                                     ;
; PARTITION_FITTER_PRESERVATION_LEVEL  ; -- (Not supported for targeted family)    ; --            ; --          ; Top                                     ;
; PARTITION_NETLIST_TYPE               ; -- (Not supported for targeted family)    ; --            ; --          ; Top                                     ;
; POWER_BOARD_THERMAL_MODEL            ; None (CONSERVATIVE)                       ; --            ; --          ; --                                      ;
; POWER_PRESET_COOLING_SOLUTION        ; 23 MM HEAT SINK WITH 200 LFPM AIRFLOW     ; --            ; --          ; --                                      ;
; PROJECT_OUTPUT_DIRECTORY             ; output_files                              ; --            ; --          ; --                                      ;
+--------------------------------------+-------------------------------------------+---------------+-------------+-----------------------------------------+


+--------------------------------------------------------------------------------------------------------------------------+
; Flow Elapsed Time                                                                                                        ;
+----------------------+--------------+-------------------------+---------------------+------------------------------------+
; Module Name          ; Elapsed Time ; Average Processors Used ; Peak Virtual Memory ; Total CPU Time (on all processors) ;
+----------------------+--------------+-------------------------+---------------------+------------------------------------+
; Analysis & Synthesis ; 00:00:07     ; 1.0                     ; 4844 MB             ; 00:00:17                           ;
; Fitter               ; 00:00:35     ; 1.0                     ; 6758 MB             ; 00:01:19                           ;
; Assembler            ; 00:00:08     ; 1.0                     ; 4838 MB             ; 00:00:05                           ;
; Fitter               ; 00:00:34     ; 1.0                     ; 6770 MB             ; 00:01:24                           ;
; Assembler            ; 00:00:06     ; 1.0                     ; 4839 MB             ; 00:00:05                           ;
; Fitter               ; 00:00:35     ; 1.0                     ; 6774 MB             ; 00:01:26                           ;
; Fitter               ; 00:00:33     ; 1.0                     ; 6770 MB             ; 00:01:25                           ;
; Total                ; 00:02:38     ; --                      ; --                  ; 00:06:01                           ;
+----------------------+--------------+-------------------------+---------------------+------------------------------------+


+------------------------------------------------------------------------------------+
; Flow OS Summary                                                                    ;
+----------------------+------------------+------------+------------+----------------+
; Module Name          ; Machine Hostname ; OS Name    ; OS Version ; Processor type ;
+----------------------+------------------+------------+------------+----------------+
; Analysis & Synthesis ; MSI              ; Windows 10 ; 10.0       ; x86_64         ;
; Fitter               ; MSI              ; Windows 10 ; 10.0       ; x86_64         ;
; Assembler            ; MSI              ; Windows 10 ; 10.0       ; x86_64         ;
; Fitter               ; MSI              ; Windows 10 ; 10.0       ; x86_64         ;
; Assembler            ; MSI              ; Windows 10 ; 10.0       ; x86_64         ;
; Fitter               ; MSI              ; Windows 10 ; 10.0       ; x86_64         ;
; Fitter               ; MSI              ; Windows 10 ; 10.0       ; x86_64         ;
+----------------------+------------------+------------+------------+----------------+


------------
; Flow Log ;
------------
quartus_map --read_settings_files=on --write_settings_files=off ATP_Machine_Electricity_Bill_Payment -c ATP_Machine_Electricity_Bill_Payment
quartus_fit --read_settings_files=on --write_settings_files=off ATP_Machine_Electricity_Bill_Payment -c ATP_Machine_Electricity_Bill_Payment
quartus_asm --read_settings_files=on --write_settings_files=off ATP_Machine_Electricity_Bill_Payment -c ATP_Machine_Electricity_Bill_Payment
quartus_fit --read_settings_files=on --write_settings_files=off ATP_Machine_Electricity_Bill_Payment -c ATP_Machine_Electricity_Bill_Payment
quartus_asm --read_settings_files=on --write_settings_files=off ATP_Machine_Electricity_Bill_Payment -c ATP_Machine_Electricity_Bill_Payment
quartus_fit --read_settings_files=on --write_settings_files=off ATP_Machine_Electricity_Bill_Payment -c ATP_Machine_Electricity_Bill_Payment
quartus_fit --read_settings_files=on --write_settings_files=off ATP_Machine_Electricity_Bill_Payment -c ATP_Machine_Electricity_Bill_Payment



